<?xml version="1.0" encoding="UTF-8"?>
<!-- Generated by org.testng.reporters.JUnitXMLReporter -->
<testsuite hostname="LAPTOP-09G9S5S4" ignored="0" name="TestChrome" tests="3" failures="0" timestamp="11 Mar 2018 17:12:24 GMT" time="8.603" errors="0">
  <testcase name="@BeforeClass openApp" time="3.786" classname="Generic.BaseTest">
    <failure type="org.openqa.selenium.SessionNotCreatedException" message="The path to the driver executable must be set by the webdriver.chrome.driver system property; for more information, see https://github.com/SeleniumHQ/selenium/wiki/ChromeDriver. The latest version can be downloaded from http://chromedriver.storage.googleapis.com/index.html
Command duration or timeout: 0 milliseconds
Build info: version: &amp;apos;3.3.1&amp;apos;, revision: &amp;apos;5234b32&amp;apos;, time: &amp;apos;2017-03-10 09:04:52 -0800&amp;apos;
System info: host: &amp;apos;LAPTOP-09G9S5S4&amp;apos;, ip: &amp;apos;192.168.0.104&amp;apos;, os.name: &amp;apos;Windows 10&amp;apos;, os.arch: &amp;apos;amd64&amp;apos;, os.version: &amp;apos;10.0&amp;apos;, java.version: &amp;apos;1.8.0_151&amp;apos;
Driver info: driver.version: RemoteWebDriver">
      <![CDATA[org.openqa.selenium.SessionNotCreatedException: The path to the driver executable must be set by the webdriver.chrome.driver system property; for more information, see https://github.com/SeleniumHQ/selenium/wiki/ChromeDriver. The latest version can be downloaded from http://chromedriver.storage.googleapis.com/index.htmlCommand duration or timeout: 0 millisecondsBuild info: version: '3.3.1', revision: '5234b32', time: '2017-03-10 09:04:52 -0800'System info: host: 'LAPTOP-09G9S5S4', ip: '192.168.0.104', os.name: 'Windows 10', os.arch: 'amd64', os.version: '10.0', java.version: '1.8.0_151'Driver info: driver.version: RemoteWebDriverat org.openqa.selenium.remote.ErrorHandler.createThrowable(ErrorHandler.java:216)at org.openqa.selenium.remote.ErrorHandler.throwIfResponseFailed(ErrorHandler.java:168)at org.openqa.selenium.remote.ProtocolHandshake.createSession(ProtocolHandshake.java:367)at org.openqa.selenium.remote.ProtocolHandshake.createSession(ProtocolHandshake.java:113)at org.openqa.selenium.remote.HttpCommandExecutor.execute(HttpCommandExecutor.java:141)at org.openqa.selenium.remote.RemoteWebDriver.execute(RemoteWebDriver.java:604)at org.openqa.selenium.remote.RemoteWebDriver.startSession(RemoteWebDriver.java:244)at org.openqa.selenium.remote.RemoteWebDriver.<init>(RemoteWebDriver.java:131)at org.openqa.selenium.remote.RemoteWebDriver.<init>(RemoteWebDriver.java:158)at Generic.BaseTest.openApp(BaseTest.java:55)Caused by: java.lang.IllegalStateException: The path to the driver executable must be set by the webdriver.chrome.driver system property; for more information, see https://github.com/SeleniumHQ/selenium/wiki/ChromeDriver. The latest version can be downloaded from http://chromedriver.storage.googleapis.com/index.htmlat com.google.common.base.Preconditions.checkState(Preconditions.java:738)at org.openqa.selenium.remote.service.DriverService.findExecutable(DriverService.java:111)at org.openqa.selenium.chrome.ChromeDriverService.access$000(ChromeDriverService.java:32)at org.openqa.selenium.chrome.ChromeDriverService$Builder.findDefaultExecutable(ChromeDriverService.java:137)at org.openqa.selenium.remote.service.DriverService$Builder.build(DriverService.java:302)at org.openqa.selenium.chrome.ChromeDriverService.createDefaultService(ChromeDriverService.java:88)at org.openqa.selenium.chrome.ChromeDriver.<init>(ChromeDriver.java:146)at org.openqa.selenium.remote.server.DefaultDriverProvider.callConstructor(DefaultDriverProvider.java:103)at org.openqa.selenium.remote.server.DefaultDriverProvider.newInstance(DefaultDriverProvider.java:97)at org.openqa.selenium.remote.server.DefaultDriverFactory.newInstance(DefaultDriverFactory.java:60)at org.openqa.selenium.remote.server.DefaultSession$BrowserCreator.call(DefaultSession.java:222)at org.openqa.selenium.remote.server.DefaultSession$BrowserCreator.call(DefaultSession.java:209)at java.util.concurrent.FutureTask.run(Unknown Source)at org.openqa.selenium.remote.server.DefaultSession$1.run(DefaultSession.java:176)at java.util.concurrent.ThreadPoolExecutor.runWorker(Unknown Source)at java.util.concurrent.ThreadPoolExecutor$Worker.run(Unknown Source)at java.lang.Thread.run(Unknown Source)... Removed 34 stack frames]]>
    </failure>
  </testcase> <!-- @BeforeClass openApp -->
  <testcase name="@BeforeClass openApp" time="2.34" classname="Generic.BaseTest">
    <failure type="org.openqa.selenium.SessionNotCreatedException" message="The path to the driver executable must be set by the webdriver.chrome.driver system property; for more information, see https://github.com/SeleniumHQ/selenium/wiki/ChromeDriver. The latest version can be downloaded from http://chromedriver.storage.googleapis.com/index.html
Command duration or timeout: 0 milliseconds
Build info: version: &amp;apos;3.3.1&amp;apos;, revision: &amp;apos;5234b32&amp;apos;, time: &amp;apos;2017-03-10 09:04:52 -0800&amp;apos;
System info: host: &amp;apos;LAPTOP-09G9S5S4&amp;apos;, ip: &amp;apos;192.168.0.104&amp;apos;, os.name: &amp;apos;Windows 10&amp;apos;, os.arch: &amp;apos;amd64&amp;apos;, os.version: &amp;apos;10.0&amp;apos;, java.version: &amp;apos;1.8.0_151&amp;apos;
Driver info: driver.version: RemoteWebDriver">
      <![CDATA[org.openqa.selenium.SessionNotCreatedException: The path to the driver executable must be set by the webdriver.chrome.driver system property; for more information, see https://github.com/SeleniumHQ/selenium/wiki/ChromeDriver. The latest version can be downloaded from http://chromedriver.storage.googleapis.com/index.htmlCommand duration or timeout: 0 millisecondsBuild info: version: '3.3.1', revision: '5234b32', time: '2017-03-10 09:04:52 -0800'System info: host: 'LAPTOP-09G9S5S4', ip: '192.168.0.104', os.name: 'Windows 10', os.arch: 'amd64', os.version: '10.0', java.version: '1.8.0_151'Driver info: driver.version: RemoteWebDriverat org.openqa.selenium.remote.ErrorHandler.createThrowable(ErrorHandler.java:216)at org.openqa.selenium.remote.ErrorHandler.throwIfResponseFailed(ErrorHandler.java:168)at org.openqa.selenium.remote.ProtocolHandshake.createSession(ProtocolHandshake.java:367)at org.openqa.selenium.remote.ProtocolHandshake.createSession(ProtocolHandshake.java:113)at org.openqa.selenium.remote.HttpCommandExecutor.execute(HttpCommandExecutor.java:141)at org.openqa.selenium.remote.RemoteWebDriver.execute(RemoteWebDriver.java:604)at org.openqa.selenium.remote.RemoteWebDriver.startSession(RemoteWebDriver.java:244)at org.openqa.selenium.remote.RemoteWebDriver.<init>(RemoteWebDriver.java:131)at org.openqa.selenium.remote.RemoteWebDriver.<init>(RemoteWebDriver.java:158)at Generic.BaseTest.openApp(BaseTest.java:55)Caused by: java.lang.IllegalStateException: The path to the driver executable must be set by the webdriver.chrome.driver system property; for more information, see https://github.com/SeleniumHQ/selenium/wiki/ChromeDriver. The latest version can be downloaded from http://chromedriver.storage.googleapis.com/index.htmlat com.google.common.base.Preconditions.checkState(Preconditions.java:738)at org.openqa.selenium.remote.service.DriverService.findExecutable(DriverService.java:111)at org.openqa.selenium.chrome.ChromeDriverService.access$000(ChromeDriverService.java:32)at org.openqa.selenium.chrome.ChromeDriverService$Builder.findDefaultExecutable(ChromeDriverService.java:137)at org.openqa.selenium.remote.service.DriverService$Builder.build(DriverService.java:302)at org.openqa.selenium.chrome.ChromeDriverService.createDefaultService(ChromeDriverService.java:88)at org.openqa.selenium.chrome.ChromeDriver.<init>(ChromeDriver.java:146)at org.openqa.selenium.remote.server.DefaultDriverProvider.callConstructor(DefaultDriverProvider.java:103)at org.openqa.selenium.remote.server.DefaultDriverProvider.newInstance(DefaultDriverProvider.java:97)at org.openqa.selenium.remote.server.DefaultDriverFactory.newInstance(DefaultDriverFactory.java:60)at org.openqa.selenium.remote.server.DefaultSession$BrowserCreator.call(DefaultSession.java:222)at org.openqa.selenium.remote.server.DefaultSession$BrowserCreator.call(DefaultSession.java:209)at java.util.concurrent.FutureTask.run(Unknown Source)at org.openqa.selenium.remote.server.DefaultSession$1.run(DefaultSession.java:176)at java.util.concurrent.ThreadPoolExecutor.runWorker(Unknown Source)at java.util.concurrent.ThreadPoolExecutor$Worker.run(Unknown Source)at java.lang.Thread.run(Unknown Source)... Removed 33 stack frames]]>
    </failure>
  </testcase> <!-- @BeforeClass openApp -->
  <testcase name="@BeforeClass openApp" time="2.411" classname="Generic.BaseTest">
    <failure type="org.openqa.selenium.SessionNotCreatedException" message="The path to the driver executable must be set by the webdriver.chrome.driver system property; for more information, see https://github.com/SeleniumHQ/selenium/wiki/ChromeDriver. The latest version can be downloaded from http://chromedriver.storage.googleapis.com/index.html
Command duration or timeout: 0 milliseconds
Build info: version: &amp;apos;3.3.1&amp;apos;, revision: &amp;apos;5234b32&amp;apos;, time: &amp;apos;2017-03-10 09:04:52 -0800&amp;apos;
System info: host: &amp;apos;LAPTOP-09G9S5S4&amp;apos;, ip: &amp;apos;192.168.0.104&amp;apos;, os.name: &amp;apos;Windows 10&amp;apos;, os.arch: &amp;apos;amd64&amp;apos;, os.version: &amp;apos;10.0&amp;apos;, java.version: &amp;apos;1.8.0_151&amp;apos;
Driver info: driver.version: RemoteWebDriver">
      <![CDATA[org.openqa.selenium.SessionNotCreatedException: The path to the driver executable must be set by the webdriver.chrome.driver system property; for more information, see https://github.com/SeleniumHQ/selenium/wiki/ChromeDriver. The latest version can be downloaded from http://chromedriver.storage.googleapis.com/index.htmlCommand duration or timeout: 0 millisecondsBuild info: version: '3.3.1', revision: '5234b32', time: '2017-03-10 09:04:52 -0800'System info: host: 'LAPTOP-09G9S5S4', ip: '192.168.0.104', os.name: 'Windows 10', os.arch: 'amd64', os.version: '10.0', java.version: '1.8.0_151'Driver info: driver.version: RemoteWebDriverat org.openqa.selenium.remote.ErrorHandler.createThrowable(ErrorHandler.java:216)at org.openqa.selenium.remote.ErrorHandler.throwIfResponseFailed(ErrorHandler.java:168)at org.openqa.selenium.remote.ProtocolHandshake.createSession(ProtocolHandshake.java:367)at org.openqa.selenium.remote.ProtocolHandshake.createSession(ProtocolHandshake.java:113)at org.openqa.selenium.remote.HttpCommandExecutor.execute(HttpCommandExecutor.java:141)at org.openqa.selenium.remote.RemoteWebDriver.execute(RemoteWebDriver.java:604)at org.openqa.selenium.remote.RemoteWebDriver.startSession(RemoteWebDriver.java:244)at org.openqa.selenium.remote.RemoteWebDriver.<init>(RemoteWebDriver.java:131)at org.openqa.selenium.remote.RemoteWebDriver.<init>(RemoteWebDriver.java:158)at Generic.BaseTest.openApp(BaseTest.java:55)Caused by: java.lang.IllegalStateException: The path to the driver executable must be set by the webdriver.chrome.driver system property; for more information, see https://github.com/SeleniumHQ/selenium/wiki/ChromeDriver. The latest version can be downloaded from http://chromedriver.storage.googleapis.com/index.htmlat com.google.common.base.Preconditions.checkState(Preconditions.java:738)at org.openqa.selenium.remote.service.DriverService.findExecutable(DriverService.java:111)at org.openqa.selenium.chrome.ChromeDriverService.access$000(ChromeDriverService.java:32)at org.openqa.selenium.chrome.ChromeDriverService$Builder.findDefaultExecutable(ChromeDriverService.java:137)at org.openqa.selenium.remote.service.DriverService$Builder.build(DriverService.java:302)at org.openqa.selenium.chrome.ChromeDriverService.createDefaultService(ChromeDriverService.java:88)at org.openqa.selenium.chrome.ChromeDriver.<init>(ChromeDriver.java:146)at org.openqa.selenium.remote.server.DefaultDriverProvider.callConstructor(DefaultDriverProvider.java:103)at org.openqa.selenium.remote.server.DefaultDriverProvider.newInstance(DefaultDriverProvider.java:97)at org.openqa.selenium.remote.server.DefaultDriverFactory.newInstance(DefaultDriverFactory.java:60)at org.openqa.selenium.remote.server.DefaultSession$BrowserCreator.call(DefaultSession.java:222)at org.openqa.selenium.remote.server.DefaultSession$BrowserCreator.call(DefaultSession.java:209)at java.util.concurrent.FutureTask.run(Unknown Source)at org.openqa.selenium.remote.server.DefaultSession$1.run(DefaultSession.java:176)at java.util.concurrent.ThreadPoolExecutor.runWorker(Unknown Source)at java.util.concurrent.ThreadPoolExecutor$Worker.run(Unknown Source)at java.lang.Thread.run(Unknown Source)... Removed 33 stack frames]]>
    </failure>
  </testcase> <!-- @BeforeClass openApp -->
  <testcase name="test_addLead" time="0.0" classname="Scripts.Lead_Test">
    <skipped/>
  </testcase> <!-- test_addLead -->
  <testcase name="test_AddHoliday_Test" time="0.0" classname="Scripts.AddHoliday_Test">
    <skipped/>
  </testcase> <!-- test_AddHoliday_Test -->
  <testcase name="test_Login_Test" time="0.0" classname="Scripts.Login_Test">
    <skipped/>
  </testcase> <!-- test_Login_Test -->
</testsuite> <!-- TestChrome -->
