<?xml version="1.0" encoding="UTF-8"?>
<testng-results skipped="0" failed="1" ignored="0" total="4" passed="3">
  <reporter-output>
  </reporter-output>
  <suite name="Default suite" duration-ms="16718" started-at="2018-03-18T12:16:18Z" finished-at="2018-03-18T12:16:35Z">
    <groups>
    </groups>
    <test name="Default test" duration-ms="16718" started-at="2018-03-18T12:16:18Z" finished-at="2018-03-18T12:16:35Z">
      <class name="Scripts.AddTask_Test">
        <test-method status="PASS" signature="openApp(java.lang.String)[pri:0, instance:Scripts.AddTask_Test@4923ab24]" name="openApp" is-config="true" duration-ms="10716" started-at="2018-03-18T17:46:18Z" finished-at="2018-03-18T17:46:29Z">
          <params>
            <param index="0">
              <value>
                <![CDATA[chrome]]>
              </value>
            </param>
          </params>
          <reporter-output>
          </reporter-output>
        </test-method> <!-- openApp -->
        <test-method status="FAIL" signature="test_AddTask_Test(java.lang.String, java.lang.String, java.lang.String)[pri:0, instance:Scripts.AddTask_Test@4923ab24]" name="test_AddTask_Test" duration-ms="154" started-at="2018-03-18T17:46:30Z" data-provider="login" finished-at="2018-03-18T17:46:30Z">
          <params>
            <param index="0">
              <value is-null="true"/>
            </param>
            <param index="1">
              <value is-null="true"/>
            </param>
            <param index="2">
              <value is-null="true"/>
            </param>
          </params>
          <exception class="org.openqa.selenium.WebDriverException">
            <message>
              <![CDATA[unknown error: keys should be a string  (Session info: chrome=64.0.3282.186)  (Driver info: chromedriver=2.33.506120 (e3e53437346286c0bc2d2dc9aa4915ba81d9023f),platform=Windows NT 10.0.16299 x86_64) (WARNING: The server did not provide any stacktrace information)Command duration or timeout: 56 millisecondsBuild info: version: '3.3.1', revision: '5234b32', time: '2017-03-10 09:04:52 -0800'System info: host: 'LAPTOP-09G9S5S4', ip: '192.168.0.107', os.name: 'Windows 10', os.arch: 'amd64', os.version: '10.0', java.version: '1.8.0_151'Driver info: org.openqa.selenium.chrome.ChromeDriverCapabilities [{applicationCacheEnabled=false, rotatable=false, mobileEmulationEnabled=false, networkConnectionEnabled=false, chrome={chromedriverVersion=2.33.506120 (e3e53437346286c0bc2d2dc9aa4915ba81d9023f), userDataDir=C:\Users\MADHUS~1\AppData\Local\Temp\scoped_dir236_23573}, takesHeapSnapshot=true, pageLoadStrategy=normal, databaseEnabled=false, handlesAlerts=true, hasTouchScreen=false, version=64.0.3282.186, platform=XP, browserConnectionEnabled=false, nativeEvents=true, acceptSslCerts=true, locationContextEnabled=true, webStorageEnabled=true, browserName=chrome, takesScreenshot=true, javascriptEnabled=true, cssSelectorsEnabled=true, setWindowRect=true, unexpectedAlertBehaviour=}]Session ID: f53af0a51d2843dda3486193b782152b]]>
            </message>
            <full-stacktrace>
              <![CDATA[org.openqa.selenium.WebDriverException: unknown error: keys should be a string  (Session info: chrome=64.0.3282.186)  (Driver info: chromedriver=2.33.506120 (e3e53437346286c0bc2d2dc9aa4915ba81d9023f),platform=Windows NT 10.0.16299 x86_64) (WARNING: The server did not provide any stacktrace information)Command duration or timeout: 56 millisecondsBuild info: version: '3.3.1', revision: '5234b32', time: '2017-03-10 09:04:52 -0800'System info: host: 'LAPTOP-09G9S5S4', ip: '192.168.0.107', os.name: 'Windows 10', os.arch: 'amd64', os.version: '10.0', java.version: '1.8.0_151'Driver info: org.openqa.selenium.chrome.ChromeDriverCapabilities [{applicationCacheEnabled=false, rotatable=false, mobileEmulationEnabled=false, networkConnectionEnabled=false, chrome={chromedriverVersion=2.33.506120 (e3e53437346286c0bc2d2dc9aa4915ba81d9023f), userDataDir=C:\Users\MADHUS~1\AppData\Local\Temp\scoped_dir236_23573}, takesHeapSnapshot=true, pageLoadStrategy=normal, databaseEnabled=false, handlesAlerts=true, hasTouchScreen=false, version=64.0.3282.186, platform=XP, browserConnectionEnabled=false, nativeEvents=true, acceptSslCerts=true, locationContextEnabled=true, webStorageEnabled=true, browserName=chrome, takesScreenshot=true, javascriptEnabled=true, cssSelectorsEnabled=true, setWindowRect=true, unexpectedAlertBehaviour=}]Session ID: f53af0a51d2843dda3486193b782152bat sun.reflect.NativeConstructorAccessorImpl.newInstance0(Native Method)at sun.reflect.NativeConstructorAccessorImpl.newInstance(NativeConstructorAccessorImpl.java:62)at sun.reflect.DelegatingConstructorAccessorImpl.newInstance(DelegatingConstructorAccessorImpl.java:45)at java.lang.reflect.Constructor.newInstance(Constructor.java:423)at org.openqa.selenium.remote.ErrorHandler.createThrowable(ErrorHandler.java:216)at org.openqa.selenium.remote.ErrorHandler.throwIfResponseFailed(ErrorHandler.java:168)at org.openqa.selenium.remote.RemoteWebDriver.execute(RemoteWebDriver.java:638)at org.openqa.selenium.remote.RemoteWebElement.execute(RemoteWebElement.java:274)at org.openqa.selenium.remote.RemoteWebElement.sendKeys(RemoteWebElement.java:98)at sun.reflect.NativeMethodAccessorImpl.invoke0(Native Method)at sun.reflect.NativeMethodAccessorImpl.invoke(NativeMethodAccessorImpl.java:62)at sun.reflect.DelegatingMethodAccessorImpl.invoke(DelegatingMethodAccessorImpl.java:43)at java.lang.reflect.Method.invoke(Method.java:498)at org.openqa.selenium.support.pagefactory.internal.LocatingElementHandler.invoke(LocatingElementHandler.java:51)at com.sun.proxy.$Proxy9.sendKeys(Unknown Source)at POM.Login_Page.login(Login_Page.java:31)at Scripts.AddTask_Test.test_AddTask_Test(AddTask_Test.java:17)at sun.reflect.NativeMethodAccessorImpl.invoke0(Native Method)at sun.reflect.NativeMethodAccessorImpl.invoke(NativeMethodAccessorImpl.java:62)at sun.reflect.DelegatingMethodAccessorImpl.invoke(DelegatingMethodAccessorImpl.java:43)at java.lang.reflect.Method.invoke(Method.java:498)at org.testng.internal.MethodInvocationHelper.invokeMethod(MethodInvocationHelper.java:124)at org.testng.internal.Invoker.invokeMethod(Invoker.java:571)at org.testng.internal.Invoker.invokeTestMethod(Invoker.java:707)at org.testng.internal.Invoker.invokeTestMethods(Invoker.java:979)at org.testng.internal.TestMethodWorker.invokeTestMethods(TestMethodWorker.java:125)at org.testng.internal.TestMethodWorker.run(TestMethodWorker.java:109)at org.testng.TestRunner.privateRun(TestRunner.java:648)at org.testng.TestRunner.run(TestRunner.java:505)at org.testng.SuiteRunner.runTest(SuiteRunner.java:455)at org.testng.SuiteRunner.runSequentially(SuiteRunner.java:450)at org.testng.SuiteRunner.privateRun(SuiteRunner.java:415)at org.testng.SuiteRunner.run(SuiteRunner.java:364)at org.testng.SuiteRunnerWorker.runSuite(SuiteRunnerWorker.java:52)at org.testng.SuiteRunnerWorker.run(SuiteRunnerWorker.java:84)at org.testng.TestNG.runSuitesSequentially(TestNG.java:1187)at org.testng.TestNG.runSuitesLocally(TestNG.java:1116)at org.testng.TestNG.runSuites(TestNG.java:1028)at org.testng.TestNG.run(TestNG.java:996)at org.testng.remote.AbstractRemoteTestNG.run(AbstractRemoteTestNG.java:114)at org.testng.remote.RemoteTestNG.initAndRun(RemoteTestNG.java:251)at org.testng.remote.RemoteTestNG.main(RemoteTestNG.java:77)]]>
            </full-stacktrace>
          </exception> <!-- org.openqa.selenium.WebDriverException -->
          <reporter-output>
          </reporter-output>
        </test-method> <!-- test_AddTask_Test -->
        <test-method status="PASS" signature="test_AddTask_Test(java.lang.String, java.lang.String, java.lang.String)[pri:0, instance:Scripts.AddTask_Test@4923ab24]" name="test_AddTask_Test" duration-ms="1305" started-at="2018-03-18T17:46:30Z" data-provider="login" finished-at="2018-03-18T17:46:32Z">
          <params>
            <param index="0">
              <value>
                <![CDATA[9068222]]>
              </value>
            </param>
            <param index="1">
              <value>
                <![CDATA[sdasd]]>
              </value>
            </param>
            <param index="2">
              <value>
                <![CDATA[qwe]]>
              </value>
            </param>
          </params>
          <reporter-output>
          </reporter-output>
        </test-method> <!-- test_AddTask_Test -->
        <test-method status="PASS" signature="test_AddTask_Test(java.lang.String, java.lang.String, java.lang.String)[pri:0, instance:Scripts.AddTask_Test@4923ab24]" name="test_AddTask_Test" duration-ms="1529" started-at="2018-03-18T17:46:32Z" data-provider="login" finished-at="2018-03-18T17:46:33Z">
          <params>
            <param index="0">
              <value>
                <![CDATA[9068222]]>
              </value>
            </param>
            <param index="1">
              <value>
                <![CDATA[hfdghff]]>
              </value>
            </param>
            <param index="2">
              <value>
                <![CDATA[werr]]>
              </value>
            </param>
          </params>
          <reporter-output>
          </reporter-output>
        </test-method> <!-- test_AddTask_Test -->
        <test-method status="PASS" signature="test_AddTask_Test(java.lang.String, java.lang.String, java.lang.String)[pri:0, instance:Scripts.AddTask_Test@4923ab24]" name="test_AddTask_Test" duration-ms="1267" started-at="2018-03-18T17:46:33Z" data-provider="login" finished-at="2018-03-18T17:46:35Z">
          <params>
            <param index="0">
              <value>
                <![CDATA[9068222]]>
              </value>
            </param>
            <param index="1">
              <value>
                <![CDATA[admin3423]]>
              </value>
            </param>
            <param index="2">
              <value>
                <![CDATA[Sree@raj1]]>
              </value>
            </param>
          </params>
          <reporter-output>
          </reporter-output>
        </test-method> <!-- test_AddTask_Test -->
      </class> <!-- Scripts.AddTask_Test -->
    </test> <!-- Default test -->
  </suite> <!-- Default suite -->
</testng-results>
